c:\users\김택천\source\repos\directx\directx_framework\d3dpractice\debug\vc141.pdb
c:\users\김택천\source\repos\directx\directx_framework\d3dpractice\debug\vc141.idb
c:\users\김택천\source\repos\directx\directx_framework\d3dpractice\debug\winmain.obj
c:\users\김택천\source\repos\directx\directx_framework\d3dpractice\debug\windowcontainer.obj
c:\users\김택천\source\repos\directx\directx_framework\d3dpractice\debug\stringconverter.obj
c:\users\김택천\source\repos\directx\directx_framework\d3dpractice\debug\shaders.obj
c:\users\김택천\source\repos\directx\directx_framework\d3dpractice\debug\renderwindow.obj
c:\users\김택천\source\repos\directx\directx_framework\d3dpractice\debug\mouseevent.obj
c:\users\김택천\source\repos\directx\directx_framework\d3dpractice\debug\mouseclass.obj
c:\users\김택천\source\repos\directx\directx_framework\d3dpractice\debug\keyboardevent.obj
c:\users\김택천\source\repos\directx\directx_framework\d3dpractice\debug\keyboardclass.obj
c:\users\김택천\source\repos\directx\directx_framework\d3dpractice\debug\graphics.obj
c:\users\김택천\source\repos\directx\directx_framework\d3dpractice\debug\errorlogger.obj
c:\users\김택천\source\repos\directx\directx_framework\d3dpractice\debug\engine.obj
c:\users\김택천\source\repos\directx\directx_framework\d3dpractice\debug\adapterreader.obj
c:\users\김택천\source\repos\directx\directx_framework\debug\pixelshader.cso
c:\users\김택천\source\repos\directx\directx_framework\debug\vertexshader.cso
c:\users\김택천\source\repos\directx\directx_framework\debug\d3dpractice.ilk
c:\users\김택천\source\repos\directx\directx_framework\debug\d3dpractice.exe
c:\users\김택천\source\repos\directx\directx_framework\debug\d3dpractice.pdb
c:\users\김택천\source\repos\directx\directx_framework\d3dpractice\debug\d3dpractice.tlog\cl.command.1.tlog
c:\users\김택천\source\repos\directx\directx_framework\d3dpractice\debug\d3dpractice.tlog\cl.read.1.tlog
c:\users\김택천\source\repos\directx\directx_framework\d3dpractice\debug\d3dpractice.tlog\cl.write.1.tlog
c:\users\김택천\source\repos\directx\directx_framework\d3dpractice\debug\d3dpractice.tlog\fxc.command.1.tlog
c:\users\김택천\source\repos\directx\directx_framework\d3dpractice\debug\d3dpractice.tlog\fxc.read.1.tlog
c:\users\김택천\source\repos\directx\directx_framework\d3dpractice\debug\d3dpractice.tlog\fxc.write.1.tlog
c:\users\김택천\source\repos\directx\directx_framework\d3dpractice\debug\d3dpractice.tlog\link.command.1.tlog
c:\users\김택천\source\repos\directx\directx_framework\d3dpractice\debug\d3dpractice.tlog\link.read.1.tlog
c:\users\김택천\source\repos\directx\directx_framework\d3dpractice\debug\d3dpractice.tlog\link.write.1.tlog
