e:\university\2019\d3d\directx_framework\d3dpractice\x64\debug\vc142.pdb
e:\university\2019\d3d\directx_framework\d3dpractice\x64\debug\vc142.idb
e:\university\2019\d3d\directx_framework\d3dpractice\x64\debug\winmain.obj
e:\university\2019\d3d\directx_framework\d3dpractice\x64\debug\windowcontainer.obj
e:\university\2019\d3d\directx_framework\d3dpractice\x64\debug\stringconverter.obj
e:\university\2019\d3d\directx_framework\d3dpractice\x64\debug\renderwindow.obj
e:\university\2019\d3d\directx_framework\d3dpractice\x64\debug\mouseevent.obj
e:\university\2019\d3d\directx_framework\d3dpractice\x64\debug\mouseclass.obj
e:\university\2019\d3d\directx_framework\d3dpractice\x64\debug\keyboardevent.obj
e:\university\2019\d3d\directx_framework\d3dpractice\x64\debug\keyboardclass.obj
e:\university\2019\d3d\directx_framework\d3dpractice\x64\debug\graphics.obj
e:\university\2019\d3d\directx_framework\d3dpractice\x64\debug\errorlogger.obj
e:\university\2019\d3d\directx_framework\d3dpractice\x64\debug\engine.obj
e:\university\2019\d3d\directx_framework\d3dpractice\x64\debug\adapterreader.obj
e:\university\2019\d3d\directx_framework\x64\debug\pixelshader.cso
e:\university\2019\d3d\directx_framework\x64\debug\vertexshader.cso
e:\university\2019\d3d\directx_framework\d3dpractice\x64\debug\d3dpractice.tlog\cl.command.1.tlog
e:\university\2019\d3d\directx_framework\d3dpractice\x64\debug\d3dpractice.tlog\cl.read.1.tlog
e:\university\2019\d3d\directx_framework\d3dpractice\x64\debug\d3dpractice.tlog\cl.write.1.tlog
e:\university\2019\d3d\directx_framework\d3dpractice\x64\debug\d3dpractice.tlog\fxc.command.1.tlog
e:\university\2019\d3d\directx_framework\d3dpractice\x64\debug\d3dpractice.tlog\fxc.read.1.tlog
e:\university\2019\d3d\directx_framework\d3dpractice\x64\debug\d3dpractice.tlog\fxc.write.1.tlog
